<?xml version="1.0" encoding="UTF-8"?>
<!-- Generated by org.testng.reporters.JUnitReportReporter -->
<testsuite hostname="s4-personal" failures="0" tests="2" name="testng.TestngAmazon" time="82.097" errors="0" timestamp="2023-06-12T17:17:39 EDT" skipped="0">
  <testcase classname="testng.TestngAmazon" name="createaccount" time="21.540"/>
  <system-out/>
  <testcase classname="testng.TestngAmazon" name="signin" time="60.557"/>
  <system-out/>
</testsuite> <!-- testng.TestngAmazon -->
